<?xml version="1.0" encoding="UTF-8"?>
<!-- Generated by org.testng.reporters.JUnitXMLReporter -->
<testsuite ignored="0" hostname="DESKTOP-5IPPVIC" failures="0" tests="4" name="Default test" time="3.588" errors="0" timestamp="2023-10-10T06:27:33 PDT">
  <testcase classname="CrudMethodTesting.BasicsCrudMethods" name="AddNewData" time="0.211"/>
  <testcase classname="CrudMethodTesting.BasicsCrudMethods" name="UpdateCustomerNumber" time="0.037"/>
  <testcase classname="CrudMethodTesting.BasicsCrudMethods" name="SelectOneCustomer" time="0.297"/>
  <testcase classname="CrudMethodTesting.BasicsCrudMethods" name="DeleteUser" time="0.033"/>
</testsuite> <!-- Default test -->
