<?xml version="1.0" encoding="UTF-8"?>
<!-- Generated by org.testng.reporters.JUnitXMLReporter -->
<testsuite ignored="1" hostname="DESKTOP-5IPPVIC" failures="0" tests="3" name="Basics" time="3.777" errors="0" timestamp="2023-10-10T06:32:20 PDT">
  <testcase classname="CrudMethodTesting.BasicsCrudMethods" name="AddNewData" time="0.111"/>
  <testcase classname="CrudMethodTesting.BasicsCrudMethods" name="UpdateCustomerNumber" time="0.023"/>
  <testcase classname="CrudMethodTesting.BasicsCrudMethods" name="SelectOneCustomer" time="0.304"/>
  <testcase classname="CrudMethodTesting.BasicsCrudMethods" name="DeleteUser" time="0.0">
    <ignored/>
  </testcase> <!-- DeleteUser -->
</testsuite> <!-- Basics -->
